<?xml version="1.0" encoding="UTF-8"?>
<coverage generated="1570554116902" clover="3.2.0">
  <project timestamp="1570554116902" name="All files">
    <metrics statements="52" coveredstatements="32" conditionals="21" coveredconditionals="11" methods="19" coveredmethods="11" elements="92" coveredelements="54" complexity="0" loc="52" ncloc="52" packages="1" files="1" classes="1"/>
    <file name="SkillsReporter.js" path="/home/mtkirkl/src/skills/skills-client/skills-client-reporter/src/SkillsReporter.js">
      <metrics statements="52" coveredstatements="32" conditionals="21" coveredconditionals="11" methods="19" coveredmethods="11"/>
      <line num="3" count="1" type="stmt"/>
      <line num="4" count="1" type="stmt"/>
      <line num="6" count="1" type="stmt"/>
      <line num="7" count="1" type="stmt"/>
      <line num="9" count="1" type="stmt"/>
      <line num="10" count="2" type="stmt"/>
      <line num="13" count="1" type="stmt"/>
      <line num="14" count="2" type="stmt"/>
      <line num="17" count="1" type="stmt"/>
      <line num="18" count="0" type="stmt"/>
      <line num="19" count="0" type="stmt"/>
      <line num="20" count="0" type="stmt"/>
      <line num="22" count="0" type="stmt"/>
      <line num="23" count="0" type="cond" truecount="0" falsecount="2"/>
      <line num="24" count="0" type="cond" truecount="0" falsecount="2"/>
      <line num="25" count="0" type="stmt"/>
      <line num="27" count="0" type="stmt"/>
      <line num="28" count="0" type="cond" truecount="0" falsecount="2"/>
      <line num="29" count="0" type="stmt"/>
      <line num="31" count="0" type="stmt"/>
      <line num="37" count="0" type="stmt"/>
      <line num="41" count="1" type="stmt"/>
      <line num="42" count="0" type="stmt"/>
      <line num="44" count="0" type="stmt"/>
      <line num="45" count="0" type="stmt"/>
      <line num="47" count="0" type="stmt"/>
      <line num="50" count="0" type="stmt"/>
      <line num="54" count="0" type="stmt"/>
      <line num="58" count="1" type="stmt"/>
      <line num="60" count="2" type="stmt"/>
      <line num="63" count="2" type="stmt"/>
      <line num="66" count="9" type="stmt"/>
      <line num="68" count="9" type="stmt"/>
      <line num="69" count="9" type="cond" truecount="2" falsecount="2"/>
      <line num="70" count="0" type="stmt"/>
      <line num="72" count="9" type="stmt"/>
      <line num="74" count="9" type="stmt"/>
      <line num="75" count="9" type="stmt"/>
      <line num="76" count="9" type="stmt"/>
      <line num="78" count="9" type="stmt"/>
      <line num="79" count="4" type="cond" truecount="1" falsecount="1"/>
      <line num="80" count="4" type="cond" truecount="5" falsecount="0"/>
      <line num="81" count="2" type="stmt"/>
      <line num="82" count="2" type="cond" truecount="3" falsecount="1"/>
      <line num="83" count="0" type="stmt"/>
      <line num="85" count="2" type="stmt"/>
      <line num="90" count="9" type="stmt"/>
      <line num="94" count="9" type="stmt"/>
      <line num="95" count="2" type="stmt"/>
      <line num="98" count="9" type="stmt"/>
      <line num="99" count="2" type="stmt"/>
      <line num="102" count="9" type="stmt"/>
    </file>
  </project>
</coverage>
