{"/home/mtkirkl/src/skills/skills-client/skills-client-reporter/src/SkillsReporter.js": {"path":"/home/mtkirkl/src/skills/skills-client/skills-client-reporter/src/SkillsReporter.js","statementMap":{"0":{"start":{"line":3,"column":22},"end":{"line":3,"column":45}},"1":{"start":{"line":4,"column":22},"end":{"line":4,"column":43}},"2":{"start":{"line":6,"column":28},"end":{"line":6,"column":37}},"3":{"start":{"line":7,"column":26},"end":{"line":7,"column":35}},"4":{"start":{"line":9,"column":28},"end":{"line":11,"column":1}},"5":{"start":{"line":10,"column":2},"end":{"line":10,"column":49}},"6":{"start":{"line":10,"column":38},"end":{"line":10,"column":47}},"7":{"start":{"line":13,"column":26},"end":{"line":15,"column":1}},"8":{"start":{"line":14,"column":2},"end":{"line":14,"column":47}},"9":{"start":{"line":14,"column":36},"end":{"line":14,"column":45}},"10":{"start":{"line":17,"column":31},"end":{"line":39,"column":1}},"11":{"start":{"line":18,"column":2},"end":{"line":38,"column":5}},"12":{"start":{"line":19,"column":16},"end":{"line":19,"column":36}},"13":{"start":{"line":20,"column":4},"end":{"line":20,"column":60}},"14":{"start":{"line":22,"column":4},"end":{"line":35,"column":6}},"15":{"start":{"line":23,"column":6},"end":{"line":34,"column":7}},"16":{"start":{"line":24,"column":8},"end":{"line":33,"column":9}},"17":{"start":{"line":25,"column":10},"end":{"line":25,"column":54}},"18":{"start":{"line":27,"column":27},"end":{"line":27,"column":51}},"19":{"start":{"line":28,"column":10},"end":{"line":32,"column":11}},"20":{"start":{"line":29,"column":12},"end":{"line":29,"column":56}},"21":{"start":{"line":31,"column":12},"end":{"line":31,"column":43}},"22":{"start":{"line":37,"column":4},"end":{"line":37,"column":15}},"23":{"start":{"line":41,"column":29},"end":{"line":56,"column":1}},"24":{"start":{"line":42,"column":2},"end":{"line":55,"column":7}},"25":{"start":{"line":44,"column":6},"end":{"line":44,"column":46}},"26":{"start":{"line":45,"column":6},"end":{"line":51,"column":11}},"27":{"start":{"line":47,"column":10},"end":{"line":47,"column":26}},"28":{"start":{"line":50,"column":10},"end":{"line":50,"column":24}},"29":{"start":{"line":54,"column":6},"end":{"line":54,"column":20}},"30":{"start":{"line":58,"column":23},"end":{"line":104,"column":1}},"31":{"start":{"line":60,"column":4},"end":{"line":60,"column":37}},"32":{"start":{"line":63,"column":4},"end":{"line":63,"column":35}},"33":{"start":{"line":66,"column":4},"end":{"line":66,"column":35}},"34":{"start":{"line":68,"column":20},"end":{"line":92,"column":6}},"35":{"start":{"line":69,"column":6},"end":{"line":91,"column":7}},"36":{"start":{"line":70,"column":8},"end":{"line":70,"column":70}},"37":{"start":{"line":72,"column":20},"end":{"line":72,"column":40}},"38":{"start":{"line":74,"column":8},"end":{"line":74,"column":140}},"39":{"start":{"line":75,"column":8},"end":{"line":75,"column":35}},"40":{"start":{"line":76,"column":8},"end":{"line":76,"column":94}},"41":{"start":{"line":78,"column":8},"end":{"line":88,"column":10}},"42":{"start":{"line":79,"column":10},"end":{"line":87,"column":11}},"43":{"start":{"line":80,"column":12},"end":{"line":86,"column":13}},"44":{"start":{"line":81,"column":14},"end":{"line":81,"column":47}},"45":{"start":{"line":82,"column":19},"end":{"line":86,"column":13}},"46":{"start":{"line":83,"column":14},"end":{"line":83,"column":76}},"47":{"start":{"line":85,"column":14},"end":{"line":85,"column":48}},"48":{"start":{"line":90,"column":8},"end":{"line":90,"column":19}},"49":{"start":{"line":94,"column":4},"end":{"line":96,"column":7}},"50":{"start":{"line":95,"column":6},"end":{"line":95,"column":34}},"51":{"start":{"line":98,"column":4},"end":{"line":100,"column":7}},"52":{"start":{"line":99,"column":6},"end":{"line":99,"column":31}},"53":{"start":{"line":102,"column":4},"end":{"line":102,"column":19}}},"fnMap":{"0":{"name":"(anonymous_0)","decl":{"start":{"line":9,"column":28},"end":{"line":9,"column":29}},"loc":{"start":{"line":9,"column":39},"end":{"line":11,"column":1}},"line":9},"1":{"name":"(anonymous_1)","decl":{"start":{"line":10,"column":30},"end":{"line":10,"column":31}},"loc":{"start":{"line":10,"column":38},"end":{"line":10,"column":47}},"line":10},"2":{"name":"(anonymous_2)","decl":{"start":{"line":13,"column":26},"end":{"line":13,"column":27}},"loc":{"start":{"line":13,"column":37},"end":{"line":15,"column":1}},"line":13},"3":{"name":"(anonymous_3)","decl":{"start":{"line":14,"column":28},"end":{"line":14,"column":29}},"loc":{"start":{"line":14,"column":36},"end":{"line":14,"column":45}},"line":14},"4":{"name":"getAuthenticationToken","decl":{"start":{"line":17,"column":40},"end":{"line":17,"column":62}},"loc":{"start":{"line":17,"column":65},"end":{"line":39,"column":1}},"line":17},"5":{"name":"(anonymous_5)","decl":{"start":{"line":18,"column":21},"end":{"line":18,"column":22}},"loc":{"start":{"line":18,"column":42},"end":{"line":38,"column":3}},"line":18},"6":{"name":"(anonymous_6)","decl":{"start":{"line":22,"column":29},"end":{"line":22,"column":30}},"loc":{"start":{"line":22,"column":35},"end":{"line":35,"column":5}},"line":22},"7":{"name":"authenticateAndRetry","decl":{"start":{"line":41,"column":38},"end":{"line":41,"column":58}},"loc":{"start":{"line":41,"column":89},"end":{"line":56,"column":1}},"line":41},"8":{"name":"(anonymous_8)","decl":{"start":{"line":43,"column":10},"end":{"line":43,"column":11}},"loc":{"start":{"line":43,"column":21},"end":{"line":52,"column":5}},"line":43},"9":{"name":"(anonymous_9)","decl":{"start":{"line":46,"column":14},"end":{"line":46,"column":15}},"loc":{"start":{"line":46,"column":26},"end":{"line":48,"column":9}},"line":46},"10":{"name":"(anonymous_10)","decl":{"start":{"line":49,"column":15},"end":{"line":49,"column":16}},"loc":{"start":{"line":49,"column":26},"end":{"line":51,"column":9}},"line":49},"11":{"name":"(anonymous_11)","decl":{"start":{"line":53,"column":11},"end":{"line":53,"column":12}},"loc":{"start":{"line":53,"column":22},"end":{"line":55,"column":5}},"line":53},"12":{"name":"(anonymous_12)","decl":{"start":{"line":59,"column":2},"end":{"line":59,"column":3}},"loc":{"start":{"line":59,"column":29},"end":{"line":61,"column":3}},"line":59},"13":{"name":"(anonymous_13)","decl":{"start":{"line":62,"column":2},"end":{"line":62,"column":3}},"loc":{"start":{"line":62,"column":27},"end":{"line":64,"column":3}},"line":62},"14":{"name":"(anonymous_14)","decl":{"start":{"line":65,"column":2},"end":{"line":65,"column":3}},"loc":{"start":{"line":65,"column":27},"end":{"line":103,"column":3}},"line":65},"15":{"name":"(anonymous_15)","decl":{"start":{"line":68,"column":32},"end":{"line":68,"column":33}},"loc":{"start":{"line":68,"column":53},"end":{"line":92,"column":5}},"line":68},"16":{"name":"(anonymous_16)","decl":{"start":{"line":78,"column":33},"end":{"line":78,"column":34}},"loc":{"start":{"line":78,"column":39},"end":{"line":88,"column":9}},"line":78},"17":{"name":"(anonymous_17)","decl":{"start":{"line":94,"column":17},"end":{"line":94,"column":18}},"loc":{"start":{"line":94,"column":29},"end":{"line":96,"column":5}},"line":94},"18":{"name":"(anonymous_18)","decl":{"start":{"line":98,"column":18},"end":{"line":98,"column":19}},"loc":{"start":{"line":98,"column":29},"end":{"line":100,"column":5}},"line":98}},"branchMap":{"0":{"loc":{"start":{"line":23,"column":6},"end":{"line":34,"column":7}},"type":"if","locations":[{"start":{"line":23,"column":6},"end":{"line":34,"column":7}},{"start":{"line":23,"column":6},"end":{"line":34,"column":7}}],"line":23},"1":{"loc":{"start":{"line":24,"column":8},"end":{"line":33,"column":9}},"type":"if","locations":[{"start":{"line":24,"column":8},"end":{"line":33,"column":9}},{"start":{"line":24,"column":8},"end":{"line":33,"column":9}}],"line":24},"2":{"loc":{"start":{"line":28,"column":10},"end":{"line":32,"column":11}},"type":"if","locations":[{"start":{"line":28,"column":10},"end":{"line":32,"column":11}},{"start":{"line":28,"column":10},"end":{"line":32,"column":11}}],"line":28},"3":{"loc":{"start":{"line":69,"column":6},"end":{"line":91,"column":7}},"type":"if","locations":[{"start":{"line":69,"column":6},"end":{"line":91,"column":7}},{"start":{"line":69,"column":6},"end":{"line":91,"column":7}}],"line":69},"4":{"loc":{"start":{"line":69,"column":10},"end":{"line":69,"column":81}},"type":"binary-expr","locations":[{"start":{"line":69,"column":10},"end":{"line":69,"column":45}},{"start":{"line":69,"column":49},"end":{"line":69,"column":81}}],"line":69},"5":{"loc":{"start":{"line":79,"column":10},"end":{"line":87,"column":11}},"type":"if","locations":[{"start":{"line":79,"column":10},"end":{"line":87,"column":11}},{"start":{"line":79,"column":10},"end":{"line":87,"column":11}}],"line":79},"6":{"loc":{"start":{"line":80,"column":12},"end":{"line":86,"column":13}},"type":"if","locations":[{"start":{"line":80,"column":12},"end":{"line":86,"column":13}},{"start":{"line":80,"column":12},"end":{"line":86,"column":13}}],"line":80},"7":{"loc":{"start":{"line":80,"column":16},"end":{"line":80,"column":76}},"type":"binary-expr","locations":[{"start":{"line":80,"column":16},"end":{"line":80,"column":34}},{"start":{"line":80,"column":38},"end":{"line":80,"column":54}},{"start":{"line":80,"column":58},"end":{"line":80,"column":76}}],"line":80},"8":{"loc":{"start":{"line":82,"column":19},"end":{"line":86,"column":13}},"type":"if","locations":[{"start":{"line":82,"column":19},"end":{"line":86,"column":13}},{"start":{"line":82,"column":19},"end":{"line":86,"column":13}}],"line":82},"9":{"loc":{"start":{"line":82,"column":23},"end":{"line":82,"column":61}},"type":"binary-expr","locations":[{"start":{"line":82,"column":23},"end":{"line":82,"column":41}},{"start":{"line":82,"column":45},"end":{"line":82,"column":61}}],"line":82}},"s":{"0":1,"1":1,"2":1,"3":1,"4":1,"5":2,"6":2,"7":1,"8":2,"9":2,"10":1,"11":0,"12":0,"13":0,"14":0,"15":0,"16":0,"17":0,"18":0,"19":0,"20":0,"21":0,"22":0,"23":1,"24":0,"25":0,"26":0,"27":0,"28":0,"29":0,"30":1,"31":2,"32":2,"33":9,"34":9,"35":9,"36":0,"37":9,"38":9,"39":9,"40":9,"41":9,"42":4,"43":4,"44":2,"45":2,"46":0,"47":2,"48":9,"49":9,"50":2,"51":9,"52":2,"53":9},"f":{"0":2,"1":2,"2":2,"3":2,"4":0,"5":0,"6":0,"7":0,"8":0,"9":0,"10":0,"11":0,"12":2,"13":2,"14":9,"15":9,"16":4,"17":2,"18":2},"b":{"0":[0,0],"1":[0,0],"2":[0,0],"3":[0,9],"4":[9,0],"5":[4,0],"6":[2,2],"7":[4,2,2],"8":[0,2],"9":[2,2]},"_coverageSchema":"43e27e138ebf9cfc5966b082cf9a028302ed4184","hash":"8e96335df3ecbfae4ec8033d8eabca3b49db3e8d"}
}
