TN:
SF:/home/mtkirkl/src/skills/skills-client/skills-client-reporter/src/SkillsReporter.js
FN:9,(anonymous_0)
FN:10,(anonymous_1)
FN:13,(anonymous_2)
FN:14,(anonymous_3)
FN:17,getAuthenticationToken
FN:18,(anonymous_5)
FN:22,(anonymous_6)
FN:41,authenticateAndRetry
FN:43,(anonymous_8)
FN:46,(anonymous_9)
FN:49,(anonymous_10)
FN:53,(anonymous_11)
FN:59,(anonymous_12)
FN:62,(anonymous_13)
FN:65,(anonymous_14)
FN:68,(anonymous_15)
FN:78,(anonymous_16)
FN:94,(anonymous_17)
FN:98,(anonymous_18)
FNF:19
FNH:11
FNDA:2,(anonymous_0)
FNDA:2,(anonymous_1)
FNDA:2,(anonymous_2)
FNDA:2,(anonymous_3)
FNDA:0,getAuthenticationToken
FNDA:0,(anonymous_5)
FNDA:0,(anonymous_6)
FNDA:0,authenticateAndRetry
FNDA:0,(anonymous_8)
FNDA:0,(anonymous_9)
FNDA:0,(anonymous_10)
FNDA:0,(anonymous_11)
FNDA:2,(anonymous_12)
FNDA:2,(anonymous_13)
FNDA:9,(anonymous_14)
FNDA:9,(anonymous_15)
FNDA:4,(anonymous_16)
FNDA:2,(anonymous_17)
FNDA:2,(anonymous_18)
DA:3,1
DA:4,1
DA:6,1
DA:7,1
DA:9,1
DA:10,2
DA:13,1
DA:14,2
DA:17,1
DA:18,0
DA:19,0
DA:20,0
DA:22,0
DA:23,0
DA:24,0
DA:25,0
DA:27,0
DA:28,0
DA:29,0
DA:31,0
DA:37,0
DA:41,1
DA:42,0
DA:44,0
DA:45,0
DA:47,0
DA:50,0
DA:54,0
DA:58,1
DA:60,2
DA:63,2
DA:66,9
DA:68,9
DA:69,9
DA:70,0
DA:72,9
DA:74,9
DA:75,9
DA:76,9
DA:78,9
DA:79,4
DA:80,4
DA:81,2
DA:82,2
DA:83,0
DA:85,2
DA:90,9
DA:94,9
DA:95,2
DA:98,9
DA:99,2
DA:102,9
LF:52
LH:32
BRDA:23,0,0,0
BRDA:23,0,1,0
BRDA:24,1,0,0
BRDA:24,1,1,0
BRDA:28,2,0,0
BRDA:28,2,1,0
BRDA:69,3,0,0
BRDA:69,3,1,9
BRDA:69,4,0,9
BRDA:69,4,1,0
BRDA:79,5,0,4
BRDA:79,5,1,0
BRDA:80,6,0,2
BRDA:80,6,1,2
BRDA:80,7,0,4
BRDA:80,7,1,2
BRDA:80,7,2,2
BRDA:82,8,0,0
BRDA:82,8,1,2
BRDA:82,9,0,2
BRDA:82,9,1,2
BRF:21
BRH:11
end_of_record
