{"/home/mtkirkl/src/skills/skills-client/skills-client-js/src/SkillsDisplayJS.js": {"path":"/home/mtkirkl/src/skills/skills-client/skills-client-js/src/SkillsDisplayJS.js","statementMap":{"0":{"start":{"line":6,"column":15},"end":{"line":6,"column":16}},"1":{"start":{"line":15,"column":4},"end":{"line":15,"column":35}},"2":{"start":{"line":16,"column":4},"end":{"line":16,"column":43}},"3":{"start":{"line":17,"column":4},"end":{"line":17,"column":24}},"4":{"start":{"line":18,"column":4},"end":{"line":18,"column":28}},"5":{"start":{"line":19,"column":4},"end":{"line":19,"column":26}},"6":{"start":{"line":23,"column":26},"end":{"line":23,"column":43}},"7":{"start":{"line":24,"column":4},"end":{"line":26,"column":5}},"8":{"start":{"line":25,"column":6},"end":{"line":25,"column":66}},"9":{"start":{"line":27,"column":4},"end":{"line":29,"column":5}},"10":{"start":{"line":28,"column":6},"end":{"line":28,"column":81}},"11":{"start":{"line":31,"column":4},"end":{"line":31,"column":18}},"12":{"start":{"line":32,"column":22},"end":{"line":32,"column":57}},"13":{"start":{"line":34,"column":22},"end":{"line":46,"column":6}},"14":{"start":{"line":48,"column":19},"end":{"line":48,"column":58}},"15":{"start":{"line":49,"column":4},"end":{"line":49,"column":73}},"16":{"start":{"line":51,"column":4},"end":{"line":51,"column":31}},"17":{"start":{"line":52,"column":4},"end":{"line":52,"column":41}},"18":{"start":{"line":54,"column":4},"end":{"line":84,"column":7}},"19":{"start":{"line":55,"column":6},"end":{"line":55,"column":31}},"20":{"start":{"line":56,"column":6},"end":{"line":60,"column":9}},"21":{"start":{"line":57,"column":31},"end":{"line":57,"column":50}},"22":{"start":{"line":58,"column":8},"end":{"line":58,"column":48}},"23":{"start":{"line":59,"column":8},"end":{"line":59,"column":61}},"24":{"start":{"line":61,"column":6},"end":{"line":70,"column":9}},"25":{"start":{"line":62,"column":8},"end":{"line":69,"column":9}},"26":{"start":{"line":63,"column":32},"end":{"line":63,"column":47}},"27":{"start":{"line":64,"column":10},"end":{"line":66,"column":11}},"28":{"start":{"line":65,"column":12},"end":{"line":65,"column":61}},"29":{"start":{"line":68,"column":10},"end":{"line":68,"column":65}},"30":{"start":{"line":71,"column":6},"end":{"line":83,"column":9}},"31":{"start":{"line":72,"column":8},"end":{"line":82,"column":9}},"32":{"start":{"line":73,"column":10},"end":{"line":79,"column":15}},"33":{"start":{"line":75,"column":14},"end":{"line":75,"column":80}},"34":{"start":{"line":78,"column":14},"end":{"line":78,"column":48}},"35":{"start":{"line":80,"column":15},"end":{"line":82,"column":9}},"36":{"start":{"line":81,"column":10},"end":{"line":81,"column":57}},"37":{"start":{"line":88,"column":4},"end":{"line":88,"column":28}},"38":{"start":{"line":89,"column":4},"end":{"line":89,"column":52}},"39":{"start":{"line":93,"column":4},"end":{"line":93,"column":25}},"40":{"start":{"line":97,"column":4},"end":{"line":97,"column":23}},"41":{"start":{"line":101,"column":4},"end":{"line":101,"column":25}},"42":{"start":{"line":105,"column":4},"end":{"line":105,"column":24}},"43":{"start":{"line":109,"column":23},"end":{"line":109,"column":112}},"44":{"start":{"line":110,"column":26},"end":{"line":110,"column":124}},"45":{"start":{"line":111,"column":22},"end":{"line":111,"column":108}},"46":{"start":{"line":112,"column":4},"end":{"line":112,"column":52}},"47":{"start":{"line":116,"column":26},"end":{"line":122,"column":5}},"48":{"start":{"line":123,"column":19},"end":{"line":123,"column":51}},"49":{"start":{"line":124,"column":26},"end":{"line":124,"column":45}},"50":{"start":{"line":125,"column":26},"end":{"line":125,"column":101}},"51":{"start":{"line":125,"column":63},"end":{"line":125,"column":100}},"52":{"start":{"line":126,"column":4},"end":{"line":128,"column":5}},"53":{"start":{"line":127,"column":6},"end":{"line":127,"column":87}},"54":{"start":{"line":132,"column":4},"end":{"line":132,"column":31}}},"fnMap":{"0":{"name":"(anonymous_0)","decl":{"start":{"line":9,"column":2},"end":{"line":9,"column":3}},"loc":{"start":{"line":14,"column":5},"end":{"line":20,"column":3}},"line":14},"1":{"name":"(anonymous_1)","decl":{"start":{"line":22,"column":2},"end":{"line":22,"column":3}},"loc":{"start":{"line":22,"column":30},"end":{"line":85,"column":3}},"line":22},"2":{"name":"(anonymous_2)","decl":{"start":{"line":54,"column":19},"end":{"line":54,"column":20}},"loc":{"start":{"line":54,"column":30},"end":{"line":84,"column":5}},"line":54},"3":{"name":"(anonymous_3)","decl":{"start":{"line":56,"column":33},"end":{"line":56,"column":34}},"loc":{"start":{"line":56,"column":43},"end":{"line":60,"column":7}},"line":56},"4":{"name":"(anonymous_4)","decl":{"start":{"line":61,"column":32},"end":{"line":61,"column":33}},"loc":{"start":{"line":61,"column":38},"end":{"line":70,"column":7}},"line":61},"5":{"name":"(anonymous_5)","decl":{"start":{"line":71,"column":39},"end":{"line":71,"column":40}},"loc":{"start":{"line":71,"column":45},"end":{"line":83,"column":7}},"line":71},"6":{"name":"(anonymous_6)","decl":{"start":{"line":74,"column":18},"end":{"line":74,"column":19}},"loc":{"start":{"line":74,"column":30},"end":{"line":76,"column":13}},"line":74},"7":{"name":"(anonymous_7)","decl":{"start":{"line":77,"column":21},"end":{"line":77,"column":22}},"loc":{"start":{"line":77,"column":27},"end":{"line":79,"column":13}},"line":77},"8":{"name":"(anonymous_8)","decl":{"start":{"line":87,"column":2},"end":{"line":87,"column":3}},"loc":{"start":{"line":87,"column":23},"end":{"line":90,"column":3}},"line":87},"9":{"name":"(anonymous_9)","decl":{"start":{"line":92,"column":2},"end":{"line":92,"column":3}},"loc":{"start":{"line":92,"column":16},"end":{"line":94,"column":3}},"line":92},"10":{"name":"(anonymous_10)","decl":{"start":{"line":96,"column":2},"end":{"line":96,"column":3}},"loc":{"start":{"line":96,"column":14},"end":{"line":98,"column":3}},"line":96},"11":{"name":"(anonymous_11)","decl":{"start":{"line":100,"column":2},"end":{"line":100,"column":3}},"loc":{"start":{"line":100,"column":16},"end":{"line":102,"column":3}},"line":100},"12":{"name":"(anonymous_12)","decl":{"start":{"line":104,"column":2},"end":{"line":104,"column":3}},"loc":{"start":{"line":104,"column":15},"end":{"line":106,"column":3}},"line":104},"13":{"name":"(anonymous_13)","decl":{"start":{"line":108,"column":2},"end":{"line":108,"column":3}},"loc":{"start":{"line":108,"column":22},"end":{"line":113,"column":3}},"line":108},"14":{"name":"(anonymous_14)","decl":{"start":{"line":115,"column":2},"end":{"line":115,"column":3}},"loc":{"start":{"line":115,"column":28},"end":{"line":129,"column":3}},"line":115},"15":{"name":"(anonymous_15)","decl":{"start":{"line":125,"column":45},"end":{"line":125,"column":46}},"loc":{"start":{"line":125,"column":63},"end":{"line":125,"column":100}},"line":125},"16":{"name":"(anonymous_16)","decl":{"start":{"line":131,"column":2},"end":{"line":131,"column":3}},"loc":{"start":{"line":131,"column":12},"end":{"line":133,"column":3}},"line":131}},"branchMap":{"0":{"loc":{"start":{"line":24,"column":4},"end":{"line":26,"column":5}},"type":"if","locations":[{"start":{"line":24,"column":4},"end":{"line":26,"column":5}},{"start":{"line":24,"column":4},"end":{"line":26,"column":5}}],"line":24},"1":{"loc":{"start":{"line":27,"column":4},"end":{"line":29,"column":5}},"type":"if","locations":[{"start":{"line":27,"column":4},"end":{"line":29,"column":5}},{"start":{"line":27,"column":4},"end":{"line":29,"column":5}}],"line":27},"2":{"loc":{"start":{"line":42,"column":16},"end":{"line":42,"column":79}},"type":"cond-expr","locations":[{"start":{"line":42,"column":61},"end":{"line":42,"column":72}},{"start":{"line":42,"column":75},"end":{"line":42,"column":79}}],"line":42},"3":{"loc":{"start":{"line":62,"column":8},"end":{"line":69,"column":9}},"type":"if","locations":[{"start":{"line":62,"column":8},"end":{"line":69,"column":9}},{"start":{"line":62,"column":8},"end":{"line":69,"column":9}}],"line":62},"4":{"loc":{"start":{"line":64,"column":10},"end":{"line":66,"column":11}},"type":"if","locations":[{"start":{"line":64,"column":10},"end":{"line":66,"column":11}},{"start":{"line":64,"column":10},"end":{"line":66,"column":11}}],"line":64},"5":{"loc":{"start":{"line":72,"column":8},"end":{"line":82,"column":9}},"type":"if","locations":[{"start":{"line":72,"column":8},"end":{"line":82,"column":9}},{"start":{"line":72,"column":8},"end":{"line":82,"column":9}}],"line":72},"6":{"loc":{"start":{"line":72,"column":12},"end":{"line":72,"column":85}},"type":"binary-expr","locations":[{"start":{"line":72,"column":12},"end":{"line":72,"column":39}},{"start":{"line":72,"column":43},"end":{"line":72,"column":85}}],"line":72},"7":{"loc":{"start":{"line":80,"column":15},"end":{"line":82,"column":9}},"type":"if","locations":[{"start":{"line":80,"column":15},"end":{"line":82,"column":9}},{"start":{"line":80,"column":15},"end":{"line":82,"column":9}}],"line":80},"8":{"loc":{"start":{"line":109,"column":23},"end":{"line":109,"column":112}},"type":"cond-expr","locations":[{"start":{"line":109,"column":50},"end":{"line":109,"column":74}},{"start":{"line":109,"column":77},"end":{"line":109,"column":112}}],"line":109},"9":{"loc":{"start":{"line":110,"column":26},"end":{"line":110,"column":124}},"type":"cond-expr","locations":[{"start":{"line":110,"column":56},"end":{"line":110,"column":83}},{"start":{"line":110,"column":86},"end":{"line":110,"column":124}}],"line":110},"10":{"loc":{"start":{"line":111,"column":22},"end":{"line":111,"column":108}},"type":"cond-expr","locations":[{"start":{"line":111,"column":48},"end":{"line":111,"column":71}},{"start":{"line":111,"column":74},"end":{"line":111,"column":108}}],"line":111},"11":{"loc":{"start":{"line":126,"column":4},"end":{"line":128,"column":5}},"type":"if","locations":[{"start":{"line":126,"column":4},"end":{"line":128,"column":5}},{"start":{"line":126,"column":4},"end":{"line":128,"column":5}}],"line":126}},"s":{"0":1,"1":10,"2":9,"3":9,"4":9,"5":9,"6":0,"7":0,"8":0,"9":0,"10":0,"11":0,"12":0,"13":0,"14":0,"15":0,"16":0,"17":0,"18":0,"19":0,"20":0,"21":0,"22":0,"23":0,"24":0,"25":0,"26":0,"27":0,"28":0,"29":0,"30":0,"31":0,"32":0,"33":0,"34":0,"35":0,"36":0,"37":1,"38":1,"39":3,"40":1,"41":1,"42":1,"43":1,"44":1,"45":1,"46":1,"47":10,"48":10,"49":10,"50":10,"51":10,"52":10,"53":1,"54":0},"f":{"0":10,"1":0,"2":0,"3":0,"4":0,"5":0,"6":0,"7":0,"8":1,"9":3,"10":1,"11":1,"12":1,"13":1,"14":10,"15":10,"16":0},"b":{"0":[0,0],"1":[0,0],"2":[0,0],"3":[0,0],"4":[0,0],"5":[0,0],"6":[0,0],"7":[0,0],"8":[1,0],"9":[1,0],"10":[1,0],"11":[1,9]},"_coverageSchema":"43e27e138ebf9cfc5966b082cf9a028302ed4184","hash":"c86e4400384f23250a73afae274beac92dc16e4f"}
}
