TN:
SF:/home/mtkirkl/src/skills/skills-client/skills-client-js/src/SkillsDisplayJS.js
FN:9,(anonymous_0)
FN:22,(anonymous_1)
FN:54,(anonymous_2)
FN:56,(anonymous_3)
FN:61,(anonymous_4)
FN:71,(anonymous_5)
FN:74,(anonymous_6)
FN:77,(anonymous_7)
FN:87,(anonymous_8)
FN:92,(anonymous_9)
FN:96,(anonymous_10)
FN:100,(anonymous_11)
FN:104,(anonymous_12)
FN:108,(anonymous_13)
FN:115,(anonymous_14)
FN:125,(anonymous_15)
FN:131,(anonymous_16)
FNF:17
FNH:9
FNDA:10,(anonymous_0)
FNDA:0,(anonymous_1)
FNDA:0,(anonymous_2)
FNDA:0,(anonymous_3)
FNDA:0,(anonymous_4)
FNDA:0,(anonymous_5)
FNDA:0,(anonymous_6)
FNDA:0,(anonymous_7)
FNDA:1,(anonymous_8)
FNDA:3,(anonymous_9)
FNDA:1,(anonymous_10)
FNDA:1,(anonymous_11)
FNDA:1,(anonymous_12)
FNDA:1,(anonymous_13)
FNDA:10,(anonymous_14)
FNDA:10,(anonymous_15)
FNDA:0,(anonymous_16)
DA:6,1
DA:15,10
DA:16,9
DA:17,9
DA:18,9
DA:19,9
DA:23,0
DA:24,0
DA:25,0
DA:27,0
DA:28,0
DA:31,0
DA:32,0
DA:34,0
DA:48,0
DA:49,0
DA:51,0
DA:52,0
DA:54,0
DA:55,0
DA:56,0
DA:57,0
DA:58,0
DA:59,0
DA:61,0
DA:62,0
DA:63,0
DA:64,0
DA:65,0
DA:68,0
DA:71,0
DA:72,0
DA:73,0
DA:75,0
DA:78,0
DA:80,0
DA:81,0
DA:88,1
DA:89,1
DA:93,3
DA:97,1
DA:101,1
DA:105,1
DA:109,1
DA:110,1
DA:111,1
DA:112,1
DA:116,10
DA:123,10
DA:124,10
DA:125,10
DA:126,10
DA:127,1
DA:132,0
LF:54
LH:22
BRDA:24,0,0,0
BRDA:24,0,1,0
BRDA:27,1,0,0
BRDA:27,1,1,0
BRDA:42,2,0,0
BRDA:42,2,1,0
BRDA:62,3,0,0
BRDA:62,3,1,0
BRDA:64,4,0,0
BRDA:64,4,1,0
BRDA:72,5,0,0
BRDA:72,5,1,0
BRDA:72,6,0,0
BRDA:72,6,1,0
BRDA:80,7,0,0
BRDA:80,7,1,0
BRDA:109,8,0,1
BRDA:109,8,1,0
BRDA:110,9,0,1
BRDA:110,9,1,0
BRDA:111,10,0,1
BRDA:111,10,1,0
BRDA:126,11,0,1
BRDA:126,11,1,9
BRF:24
BRH:5
end_of_record
